android/app/build/intermediates/manifest_merge_blame_file/release/manifest-merger-blame-release-report.txt
1<?xml version="1.0" encoding="utf-8"?>
2<manifest xmlns:android="http://schemas.android.com/apk/res/android"
3    package="com.pcshogar.app"
4    android:versionCode="10508"
5    android:versionName="1.5.8" >
6
7    <uses-sdk
8        android:minSdkVersion="22"
9        android:targetSdkVersion="34" />
10
11    <!-- Permissions -->
12    <uses-permission android:name="android.permission.INTERNET" />
12-->src\main\AndroidManifest.xml:47:5-67
12-->src\main\AndroidManifest.xml:47:22-64
13    <uses-permission android:name="android.permission.REQUEST_INSTALL_PACKAGES" />
13-->src\main\AndroidManifest.xml:48:5-83
13-->src\main\AndroidManifest.xml:48:22-80
14    <!-- Storage: allows writing to public Downloads folder on Android 9–12 -->
15    <uses-permission
15-->src\main\AndroidManifest.xml:50:5-51:38
16        android:name="android.permission.READ_EXTERNAL_STORAGE"
16-->src\main\AndroidManifest.xml:50:22-77
17        android:maxSdkVersion="32" />
17-->src\main\AndroidManifest.xml:51:9-35
18    <uses-permission
18-->src\main\AndroidManifest.xml:52:5-53:38
19        android:name="android.permission.WRITE_EXTERNAL_STORAGE"
19-->src\main\AndroidManifest.xml:52:22-78
20        android:maxSdkVersion="32" />
20-->src\main\AndroidManifest.xml:53:9-35
21    <!-- Biometrics: Fingerprint and Face ID support -->
22    <uses-permission android:name="android.permission.USE_BIOMETRIC" />
22-->src\main\AndroidManifest.xml:55:5-72
22-->src\main\AndroidManifest.xml:55:22-69
23    <uses-permission android:name="android.permission.USE_FINGERPRINT" />
23-->src\main\AndroidManifest.xml:56:5-74
23-->src\main\AndroidManifest.xml:56:22-71
24
25    <queries>
25-->[:capacitor-browser] AndroidManifest.xml:7:5-11:15
26        <intent>
26-->[:capacitor-browser] AndroidManifest.xml:8:9-10:18
27            <action android:name="android.support.customtabs.action.CustomTabsService" />
27-->[:capacitor-browser] AndroidManifest.xml:9:13-90
27-->[:capacitor-browser] AndroidManifest.xml:9:21-87
28        </intent>
29    </queries>
30
31    <permission
31-->[androidx.core:core:1.12.0] AndroidManifest.xml:22:5-24:47
32        android:name="com.pcshogar.app.DYNAMIC_RECEIVER_NOT_EXPORTED_PERMISSION"
32-->[androidx.core:core:1.12.0] AndroidManifest.xml:23:9-81
33        android:protectionLevel="signature" />
33-->[androidx.core:core:1.12.0] AndroidManifest.xml:24:9-44
34
35    <uses-permission android:name="com.pcshogar.app.DYNAMIC_RECEIVER_NOT_EXPORTED_PERMISSION" />
35-->[androidx.core:core:1.12.0] AndroidManifest.xml:26:5-97
35-->[androidx.core:core:1.12.0] AndroidManifest.xml:26:22-94
36
37    <application
37-->src\main\AndroidManifest.xml:4:5-44:19
38        android:allowBackup="true"
38-->src\main\AndroidManifest.xml:5:9-35
39        android:appComponentFactory="androidx.core.app.CoreComponentFactory"
39-->[androidx.core:core:1.12.0] AndroidManifest.xml:28:18-86
40        android:extractNativeLibs="true"
41        android:icon="@mipmap/ic_launcher"
41-->src\main\AndroidManifest.xml:6:9-43
42        android:label="@string/app_name"
42-->src\main\AndroidManifest.xml:7:9-41
43        android:requestLegacyExternalStorage="true"
43-->src\main\AndroidManifest.xml:10:9-52
44        android:roundIcon="@mipmap/ic_launcher_round"
44-->src\main\AndroidManifest.xml:8:9-54
45        android:supportsRtl="true"
45-->src\main\AndroidManifest.xml:9:9-35
46        android:theme="@style/AppTheme" >
46-->src\main\AndroidManifest.xml:11:9-40
47        <activity
47-->src\main\AndroidManifest.xml:13:9-33:20
48            android:name="com.pcshogar.app.MainActivity"
48-->src\main\AndroidManifest.xml:15:13-41
49            android:configChanges="orientation|keyboardHidden|keyboard|screenSize|locale|smallestScreenSize|screenLayout|uiMode"
49-->src\main\AndroidManifest.xml:14:13-129
50            android:exported="true"
50-->src\main\AndroidManifest.xml:19:13-36
51            android:label="@string/title_activity_main"
51-->src\main\AndroidManifest.xml:16:13-56
52            android:launchMode="singleTask"
52-->src\main\AndroidManifest.xml:18:13-44
53            android:theme="@style/AppTheme.NoActionBarLaunch" >
53-->src\main\AndroidManifest.xml:17:13-62
54            <intent-filter>
54-->src\main\AndroidManifest.xml:21:13-24:29
55                <action android:name="android.intent.action.MAIN" />
55-->src\main\AndroidManifest.xml:22:17-69
55-->src\main\AndroidManifest.xml:22:25-66
56
57                <category android:name="android.intent.category.LAUNCHER" />
57-->src\main\AndroidManifest.xml:23:17-77
57-->src\main\AndroidManifest.xml:23:27-74
58            </intent-filter>
59            <intent-filter>
59-->src\main\AndroidManifest.xml:26:13-31:29
60                <action android:name="android.intent.action.VIEW" />
60-->src\main\AndroidManifest.xml:27:17-69
60-->src\main\AndroidManifest.xml:27:25-66
61
62                <category android:name="android.intent.category.DEFAULT" />
62-->src\main\AndroidManifest.xml:28:17-76
62-->src\main\AndroidManifest.xml:28:27-73
63                <category android:name="android.intent.category.BROWSABLE" />
63-->src\main\AndroidManifest.xml:29:17-78
63-->src\main\AndroidManifest.xml:29:27-75
64
65                <data android:scheme="com.pcshogar.app" />
65-->src\main\AndroidManifest.xml:30:17-59
65-->src\main\AndroidManifest.xml:30:23-56
66            </intent-filter>
67        </activity>
68
69        <provider
70            android:name="androidx.core.content.FileProvider"
70-->src\main\AndroidManifest.xml:36:13-62
71            android:authorities="com.pcshogar.app.fileprovider"
71-->src\main\AndroidManifest.xml:37:13-64
72            android:exported="false"
72-->src\main\AndroidManifest.xml:38:13-37
73            android:grantUriPermissions="true" >
73-->src\main\AndroidManifest.xml:39:13-47
74            <meta-data
74-->src\main\AndroidManifest.xml:40:13-42:64
75                android:name="android.support.FILE_PROVIDER_PATHS"
75-->src\main\AndroidManifest.xml:41:17-67
76                android:resource="@xml/file_paths" />
76-->src\main\AndroidManifest.xml:42:17-51
77        </provider>
78        <provider
78-->[:capacitor-community-file-opener] AndroidManifest.xml:8:9-16:20
79            android:name="com.ryltsov.alex.plugins.file.opener.FileOpenerProvider"
79-->[:capacitor-community-file-opener] AndroidManifest.xml:9:13-83
80            android:authorities="com.pcshogar.app.file.opener.provider"
80-->[:capacitor-community-file-opener] AndroidManifest.xml:10:13-72
81            android:exported="false"
81-->[:capacitor-community-file-opener] AndroidManifest.xml:11:13-37
82            android:grantUriPermissions="true" >
82-->[:capacitor-community-file-opener] AndroidManifest.xml:12:13-47
83            <meta-data
83-->src\main\AndroidManifest.xml:40:13-42:64
84                android:name="android.support.FILE_PROVIDER_PATHS"
84-->src\main\AndroidManifest.xml:41:17-67
85                android:resource="@xml/file_opener_paths" />
85-->src\main\AndroidManifest.xml:42:17-51
86        </provider>
87
88        <activity
88-->[:capgo-capacitor-native-biometric] AndroidManifest.xml:8:9-11:59
89            android:name="ee.forgr.biometric.AuthActivity"
89-->[:capgo-capacitor-native-biometric] AndroidManifest.xml:9:13-59
90            android:label="@string/title_activity_auth_activity"
90-->[:capgo-capacitor-native-biometric] AndroidManifest.xml:10:13-65
91            android:theme="@style/AppTheme.Transparent" />
91-->[:capgo-capacitor-native-biometric] AndroidManifest.xml:11:13-56
92        <activity
92-->[:capacitor-browser] AndroidManifest.xml:14:9-18:75
93            android:name="com.capacitorjs.plugins.browser.BrowserControllerActivity"
93-->[:capacitor-browser] AndroidManifest.xml:15:13-85
94            android:exported="false"
94-->[:capacitor-browser] AndroidManifest.xml:16:13-37
95            android:launchMode="singleTask"
95-->[:capacitor-browser] AndroidManifest.xml:17:13-44
96            android:theme="@android:style/Theme.Translucent.NoTitleBar" />
96-->[:capacitor-browser] AndroidManifest.xml:18:13-72
97
98        <provider
98-->[androidx.emoji2:emoji2:1.2.0] AndroidManifest.xml:24:9-32:20
99            android:name="androidx.startup.InitializationProvider"
99-->[androidx.emoji2:emoji2:1.2.0] AndroidManifest.xml:25:13-67
100            android:authorities="com.pcshogar.app.androidx-startup"
100-->[androidx.emoji2:emoji2:1.2.0] AndroidManifest.xml:26:13-68
101            android:exported="false" >
101-->[androidx.emoji2:emoji2:1.2.0] AndroidManifest.xml:27:13-37
102            <meta-data
102-->[androidx.emoji2:emoji2:1.2.0] AndroidManifest.xml:29:13-31:52
103                android:name="androidx.emoji2.text.EmojiCompatInitializer"
103-->[androidx.emoji2:emoji2:1.2.0] AndroidManifest.xml:30:17-75
104                android:value="androidx.startup" />
104-->[androidx.emoji2:emoji2:1.2.0] AndroidManifest.xml:31:17-49
105            <meta-data
105-->[androidx.lifecycle:lifecycle-process:2.6.1] AndroidManifest.xml:29:13-31:52
106                android:name="androidx.lifecycle.ProcessLifecycleInitializer"
106-->[androidx.lifecycle:lifecycle-process:2.6.1] AndroidManifest.xml:30:17-78
107                android:value="androidx.startup" />
107-->[androidx.lifecycle:lifecycle-process:2.6.1] AndroidManifest.xml:31:17-49
108            <meta-data
108-->[androidx.profileinstaller:profileinstaller:1.3.0] AndroidManifest.xml:29:13-31:52
109                android:name="androidx.profileinstaller.ProfileInstallerInitializer"
109-->[androidx.profileinstaller:profileinstaller:1.3.0] AndroidManifest.xml:30:17-85
110                android:value="androidx.startup" />
110-->[androidx.profileinstaller:profileinstaller:1.3.0] AndroidManifest.xml:31:17-49
111        </provider>
112
113        <uses-library
113-->[androidx.window:window:1.0.0] AndroidManifest.xml:25:9-27:40
114            android:name="androidx.window.extensions"
114-->[androidx.window:window:1.0.0] AndroidManifest.xml:26:13-54
115            android:required="false" />
115-->[androidx.window:window:1.0.0] AndroidManifest.xml:27:13-37
116        <uses-library
116-->[androidx.window:window:1.0.0] AndroidManifest.xml:28:9-30:40
117            android:name="androidx.window.sidecar"
117-->[androidx.window:window:1.0.0] AndroidManifest.xml:29:13-51
118            android:required="false" />
118-->[androidx.window:window:1.0.0] AndroidManifest.xml:30:13-37
119
120        <receiver
120-->[androidx.profileinstaller:profileinstaller:1.3.0] AndroidManifest.xml:34:9-52:20
121            android:name="androidx.profileinstaller.ProfileInstallReceiver"
121-->[androidx.profileinstaller:profileinstaller:1.3.0] AndroidManifest.xml:35:13-76
122            android:directBootAware="false"
122-->[androidx.profileinstaller:profileinstaller:1.3.0] AndroidManifest.xml:36:13-44
123            android:enabled="true"
123-->[androidx.profileinstaller:profileinstaller:1.3.0] AndroidManifest.xml:37:13-35
124            android:exported="true"
124-->[androidx.profileinstaller:profileinstaller:1.3.0] AndroidManifest.xml:38:13-36
125            android:permission="android.permission.DUMP" >
125-->[androidx.profileinstaller:profileinstaller:1.3.0] AndroidManifest.xml:39:13-57
126            <intent-filter>
126-->[androidx.profileinstaller:profileinstaller:1.3.0] AndroidManifest.xml:40:13-42:29
127                <action android:name="androidx.profileinstaller.action.INSTALL_PROFILE" />
127-->[androidx.profileinstaller:profileinstaller:1.3.0] AndroidManifest.xml:41:17-91
127-->[androidx.profileinstaller:profileinstaller:1.3.0] AndroidManifest.xml:41:25-88
128            </intent-filter>
129            <intent-filter>
129-->[androidx.profileinstaller:profileinstaller:1.3.0] AndroidManifest.xml:43:13-45:29
130                <action android:name="androidx.profileinstaller.action.SKIP_FILE" />
130-->[androidx.profileinstaller:profileinstaller:1.3.0] AndroidManifest.xml:44:17-85
130-->[androidx.profileinstaller:profileinstaller:1.3.0] AndroidManifest.xml:44:25-82
131            </intent-filter>
132            <intent-filter>
132-->[androidx.profileinstaller:profileinstaller:1.3.0] AndroidManifest.xml:46:13-48:29
133                <action android:name="androidx.profileinstaller.action.SAVE_PROFILE" />
133-->[androidx.profileinstaller:profileinstaller:1.3.0] AndroidManifest.xml:47:17-88
133-->[androidx.profileinstaller:profileinstaller:1.3.0] AndroidManifest.xml:47:25-85
134            </intent-filter>
135            <intent-filter>
135-->[androidx.profileinstaller:profileinstaller:1.3.0] AndroidManifest.xml:49:13-51:29
136                <action android:name="androidx.profileinstaller.action.BENCHMARK_OPERATION" />
136-->[androidx.profileinstaller:profileinstaller:1.3.0] AndroidManifest.xml:50:17-95
136-->[androidx.profileinstaller:profileinstaller:1.3.0] AndroidManifest.xml:50:25-92
137            </intent-filter>
138        </receiver>
139    </application>
140
141</manifest>